<?xml version="1.0" encoding="UTF-8"?>
<!-- Generated by org.testng.reporters.JUnitReportReporter -->
<testsuite skipped="0" hostname="KG" name="wepgst.Gst" tests="1" failures="0" timestamp="16 Aug 2018 18:51:19 GMT" time="117.456" errors="0">
  <testcase name="Addpan" time="117.456" classname="wepgst.Gst"/>
</testsuite> <!-- wepgst.Gst -->
