<?xml version="1.0" encoding="UTF-8"?>
<!-- Generated by org.testng.reporters.JUnitReportReporter -->
<testsuite skipped="0" hostname="KG" name="follow.instafollow" tests="1" failures="0" timestamp="16 Oct 2018 12:20:21 GMT" time="82.384" errors="0">
  <testcase name="follow" time="82.384" classname="follow.instafollow"/>
</testsuite> <!-- follow.instafollow -->
